[debug] [2021-03-15T14:57:45.030Z] ----------------------------------------------------------------------
[debug] [2021-03-15T14:57:45.032Z] Command:       /usr/local/bin/node /workspaces/react/burger/node_modules/.bin/firebase deploy
[debug] [2021-03-15T14:57:45.033Z] CLI Version:   9.6.1
[debug] [2021-03-15T14:57:45.033Z] Platform:      linux
[debug] [2021-03-15T14:57:45.033Z] Node Version:  v14.16.0
[debug] [2021-03-15T14:57:45.033Z] Time:          Mon Mar 15 2021 14:57:45 GMT+0000 (Coordinated Universal Time)
[debug] [2021-03-15T14:57:45.034Z] ----------------------------------------------------------------------
[debug] [2021-03-15T14:57:45.034Z] 
[debug] [2021-03-15T14:57:45.041Z] > command requires scopes: ["email","openid","https://www.googleapis.com/auth/cloudplatformprojects.readonly","https://www.googleapis.com/auth/firebase","https://www.googleapis.com/auth/cloud-platform"]
[debug] [2021-03-15T14:57:45.042Z] > authorizing via signed-in user
[debug] [2021-03-15T14:57:45.042Z] [iam] checking project hugh-react-burger for permissions ["firebase.projects.get","firebasehosting.sites.update"]
[debug] [2021-03-15T14:57:45.044Z] > refreshing access token with scopes: ["email","https://www.googleapis.com/auth/cloud-platform","https://www.googleapis.com/auth/cloudplatformprojects.readonly","https://www.googleapis.com/auth/firebase","openid"]
[debug] [2021-03-15T14:57:45.045Z] >>> HTTP REQUEST POST https://www.googleapis.com/oauth2/v3/token  
 <request body omitted>
[debug] [2021-03-15T14:57:45.183Z] <<< HTTP RESPONSE 200 {"date":"Mon, 15 Mar 2021 14:57:48 GMT","pragma":"no-cache","cache-control":"no-cache, no-store, max-age=0, must-revalidate","expires":"Mon, 01 Jan 1990 00:00:00 GMT","content-type":"application/json; charset=utf-8","vary":"X-Origin, Referer, Origin,Accept-Encoding","server":"scaffolding on HTTPServer2","x-xss-protection":"0","x-frame-options":"SAMEORIGIN","x-content-type-options":"nosniff","alt-svc":"h3-29=\":443\"; ma=2592000,h3-T051=\":443\"; ma=2592000,h3-Q050=\":443\"; ma=2592000,h3-Q046=\":443\"; ma=2592000,h3-Q043=\":443\"; ma=2592000,quic=\":443\"; ma=2592000; v=\"46,43\"","accept-ranges":"none","transfer-encoding":"chunked"}
[debug] [2021-03-15T14:57:45.196Z] >>> HTTP REQUEST POST https://cloudresourcemanager.googleapis.com/v1/projects/hugh-react-burger:testIamPermissions  
 {"permissions":["firebase.projects.get","firebasehosting.sites.update"]}
[debug] [2021-03-15T14:57:46.013Z] <<< HTTP RESPONSE 200 {"content-type":"application/json; charset=UTF-8","vary":"X-Origin, Referer, Origin,Accept-Encoding","date":"Mon, 15 Mar 2021 14:57:48 GMT","server":"ESF","cache-control":"private","x-xss-protection":"0","x-frame-options":"SAMEORIGIN","x-content-type-options":"nosniff","server-timing":"gfet4t7; dur=761","alt-svc":"h3-29=\":443\"; ma=2592000,h3-T051=\":443\"; ma=2592000,h3-Q050=\":443\"; ma=2592000,h3-Q046=\":443\"; ma=2592000,h3-Q043=\":443\"; ma=2592000,quic=\":443\"; ma=2592000; v=\"46,43\"","accept-ranges":"none","transfer-encoding":"chunked"}
[debug] [2021-03-15T14:57:46.016Z] > refreshing access token with scopes: []
[debug] [2021-03-15T14:57:46.017Z] >>> HTTP REQUEST POST https://www.googleapis.com/oauth2/v3/token  
 <request body omitted>
[debug] [2021-03-15T14:57:46.094Z] <<< HTTP RESPONSE 200 {"date":"Mon, 15 Mar 2021 14:57:49 GMT","pragma":"no-cache","cache-control":"no-cache, no-store, max-age=0, must-revalidate","expires":"Mon, 01 Jan 1990 00:00:00 GMT","content-type":"application/json; charset=utf-8","vary":"X-Origin, Referer, Origin,Accept-Encoding","server":"scaffolding on HTTPServer2","x-xss-protection":"0","x-frame-options":"SAMEORIGIN","x-content-type-options":"nosniff","alt-svc":"h3-29=\":443\"; ma=2592000,h3-T051=\":443\"; ma=2592000,h3-Q050=\":443\"; ma=2592000,h3-Q046=\":443\"; ma=2592000,h3-Q043=\":443\"; ma=2592000,quic=\":443\"; ma=2592000; v=\"46,43\"","accept-ranges":"none","transfer-encoding":"chunked"}
[debug] [2021-03-15T14:57:46.107Z] >>> [apiv2][query] GET https://firebase.googleapis.com/v1beta1/projects/hugh-react-burger [none]
[debug] [2021-03-15T14:57:46.450Z] <<< [apiv2][status] GET https://firebase.googleapis.com/v1beta1/projects/hugh-react-burger 200
[debug] [2021-03-15T14:57:46.451Z] <<< [apiv2][body] GET https://firebase.googleapis.com/v1beta1/projects/hugh-react-burger {"projectId":"hugh-react-burger","projectNumber":"1033862415897","displayName":"hugh-react-burger","name":"projects/hugh-react-burger","resources":{"hostingSite":"hugh-react-burger","realtimeDatabaseInstance":"hugh-react-burger-default-rtdb"},"state":"ACTIVE"}
[info] 
[info] === Deploying to 'hugh-react-burger'...
[info] 
[info] i  deploying hosting 
[debug] [2021-03-15T14:57:46.457Z] > refreshing access token with scopes: ["email","https://www.googleapis.com/auth/cloud-platform","https://www.googleapis.com/auth/cloudplatformprojects.readonly","https://www.googleapis.com/auth/firebase","openid"]
[debug] [2021-03-15T14:57:46.457Z] >>> HTTP REQUEST POST https://www.googleapis.com/oauth2/v3/token  
 <request body omitted>
[debug] [2021-03-15T14:57:46.533Z] <<< HTTP RESPONSE 200 {"cache-control":"no-cache, no-store, max-age=0, must-revalidate","pragma":"no-cache","expires":"Mon, 01 Jan 1990 00:00:00 GMT","date":"Mon, 15 Mar 2021 14:57:49 GMT","content-type":"application/json; charset=utf-8","vary":"X-Origin, Referer, Origin,Accept-Encoding","server":"scaffolding on HTTPServer2","x-xss-protection":"0","x-frame-options":"SAMEORIGIN","x-content-type-options":"nosniff","alt-svc":"h3-29=\":443\"; ma=2592000,h3-T051=\":443\"; ma=2592000,h3-Q050=\":443\"; ma=2592000,h3-Q046=\":443\"; ma=2592000,h3-Q043=\":443\"; ma=2592000,quic=\":443\"; ma=2592000; v=\"46,43\"","accept-ranges":"none","transfer-encoding":"chunked"}
[debug] [2021-03-15T14:57:46.545Z] >>> HTTP REQUEST POST https://firebasehosting.googleapis.com/v1beta1/sites/hugh-react-burger/versions  
 {"config":{"rewrites":[{"glob":"**","path":"/index.html"}]},"labels":{"deployment-tool":"cli-firebase"}}
[debug] [2021-03-15T14:57:48.199Z] <<< HTTP RESPONSE 200 {"content-type":"application/json; charset=UTF-8","vary":"X-Origin, Referer, Origin,Accept-Encoding","date":"Mon, 15 Mar 2021 14:57:51 GMT","server":"ESF","cache-control":"private","x-xss-protection":"0","x-frame-options":"SAMEORIGIN","x-content-type-options":"nosniff","alt-svc":"h3-29=\":443\"; ma=2592000,h3-T051=\":443\"; ma=2592000,h3-Q050=\":443\"; ma=2592000,h3-Q046=\":443\"; ma=2592000,h3-Q043=\":443\"; ma=2592000,quic=\":443\"; ma=2592000; v=\"46,43\"","accept-ranges":"none","transfer-encoding":"chunked"}
[info] i  hosting[hugh-react-burger]: beginning deploy... 
[info] i  hosting[hugh-react-burger]: found 19 files in build 
[debug] [2021-03-15T14:57:48.389Z] > refreshing access token with scopes: []
[debug] [2021-03-15T14:57:48.389Z] >>> HTTP REQUEST POST https://www.googleapis.com/oauth2/v3/token  
 <request body omitted>
[debug] [2021-03-15T14:57:48.391Z] [hosting] hash cache [YnVpbGQ] stored for 19 files
[debug] [2021-03-15T14:57:48.392Z] [hosting][hash queue][FINAL] {"max":163,"min":27,"avg":36.89473684210526,"active":0,"complete":19,"success":19,"errored":0,"retried":0,"total":19,"elapsed":173}
[debug] [2021-03-15T14:57:48.442Z] <<< HTTP RESPONSE 200 {"date":"Mon, 15 Mar 2021 14:57:51 GMT","expires":"Mon, 01 Jan 1990 00:00:00 GMT","pragma":"no-cache","cache-control":"no-cache, no-store, max-age=0, must-revalidate","content-type":"application/json; charset=utf-8","vary":"X-Origin, Referer, Origin,Accept-Encoding","server":"scaffolding on HTTPServer2","x-xss-protection":"0","x-frame-options":"SAMEORIGIN","x-content-type-options":"nosniff","alt-svc":"h3-29=\":443\"; ma=2592000,h3-T051=\":443\"; ma=2592000,h3-Q050=\":443\"; ma=2592000,h3-Q046=\":443\"; ma=2592000,h3-Q043=\":443\"; ma=2592000,quic=\":443\"; ma=2592000; v=\"46,43\"","accept-ranges":"none","transfer-encoding":"chunked"}
[debug] [2021-03-15T14:57:48.452Z] >>> [apiv2][query] POST https://firebasehosting.googleapis.com/v1beta1/sites/hugh-react-burger/versions/33f7f73ae35ab4bb:populateFiles [none]
[debug] [2021-03-15T14:57:48.452Z] >>> [apiv2][body] POST https://firebasehosting.googleapis.com/v1beta1/sites/hugh-react-burger/versions/33f7f73ae35ab4bb:populateFiles {"files":{"/asset-manifest.json":"d228422e5620735c3737106404849026019dade66b8a35960d18f4c1ceee612b","/favicon.ico":"c599b7a91ab3627e3538125d9f40adc2d4bf949046984262670545dc7738af06","/index.html":"f50f1d9c1291f41b99cefc76192462e88330b1ff2c9004fbf328eb9de8bca1cf","/logo192.png":"76c449ccb9cd117c2f2338f091b18f7050f3210e249b2228f5c81b23f34377cd","/manifest.json":"0958a5e0c831126100c8c2d06a6bbaa665a3900f21aaff4130238a6f5a113aa1","/robots.txt":"2544ca049f223a42bff01f72ad930a5edba75bbb7199d0f8430a02ff5aca16ec","/logo512.png":"7779210d56c1f3741e2e487799fe3092def4fa6ac450a60532b807c3a8971205","/static/css/main.5f140e96.chunk.css":"de09d7fae6706516d8aa9a79c934456d5f60293f8100badd39471bd90e7625f3","/static/js/2.8931cb48.chunk.js.LICENSE.txt":"324458ff0719270e8f72bb07e89d4726ab19b33c117f8521577322151399fba4","/static/css/main.5f140e96.chunk.css.map":"3f8caa38754aaf7b16143cd0e6b192511a79adafbbf706dd62e56b7e9db0c98c","/static/js/3.73a781a4.chunk.js":"43984175f6b2a3820748d4a7097d2fcdc91f7b100c59e6507084205e78d6e97b","/static/js/main.f6ee6fa1.chunk.js":"c07dc09edf14a311c93206f597fd74fa4bd412b020dddb38b293ea485071ef26","/static/js/3.73a781a4.chunk.js.map":"c63149de3decb59414a23ff395710e143007f9128a57908fe3247c7f054c9ec7","/static/js/runtime-main.567f2181.js":"b427561d483970b0be30f55b62ad2b24c797985694ce604ff5e79f782519b64d","/static/js/runtime-main.567f2181.js.map":"af5b4acd71d189f30dad28ef2a9157b5ce1bc4879881b94d8a19124ab7d3624c","/static/media/burger-logo.ec69c7f6.png":"daeeff59d51d9e170542ff797d714055dfcef00c42bdd5d5ebd45a42a814a358","/static/js/main.f6ee6fa1.chunk.js.map":"4d8eadc9fe3a97e470ab85e8b848280b2f4b210a37f6f3e8a04467d38b0f5d78","/static/js/2.8931cb48.chunk.js":"eec1f141b45caf068154b0f1d19a15bcdc432845fdc0d8abc9fec3bc6640366c","/static/js/2.8931cb48.chunk.js.map":"3132d4e3995a385d8a176dde286349e689f7616bca6284b49f686a2d12e6bbba"}}
